
=== PERFECT FLAGS ===============================================================

PERFECT_BRANCH_PRED = 1
PERFECT_DCACHE      = 1
PERFECT_ICACHE      = 1
PERFECT_TRACE_CACHE = 1
ORACLE_DISAMBIG     = 0

=== STRUCTURES AND POLICIES =====================================================

FETCH QUEUE = 32
RENAMER:
   ACTIVE LIST = 256
   PHYSICAL REGISTER FILE = 320 (auto-sized w.r.t. Active List)
   BRANCH CHECKPOINTS = 32
SCHEDULER:
   ISSUE QUEUE = 32
   PARTITIONS = 4
   PRESTEER = 0
   IDEAL AGE-BASED = 0
LOAD/STORE UNIT:
   LOAD QUEUE = 32
   STORE QUEUE = 32
   Loads synchronize (stall/unstall) at: LQ
   MEMORY DEPENDENCE PREDICTOR: always predict conflict (always speculatively stall)
   SPLIT STORES = 0

=== PIPELINE STAGE WIDTHS =======================================================

FETCH WIDTH = 8
DISPATCH WIDTH = 8
ISSUE WIDTH = 8
RETIRE WIDTH = 8

=== EXECUTION LANES =============================================================

        |latency |   BR   |   LS   |  ALU_S |  ALU_C | LS_FP  | ALU_FP |  MTF   |
        +--------+--------+--------+--------+--------+--------+--------+--------+
lane 0  |    3   |        |   x    |        |        |   x    |        |        |
lane 1  |    1   |   x    |        |   x    |        |        |        |   x    |
lane 2  |    3   |        |        |        |   x    |        |   x    |        |
lane 3  |    1   |   x    |        |   x    |        |        |        |   x    |
lane 4  |    1   |   x    |        |   x    |        |        |        |   x    |
lane 5  |    3   |        |   x    |        |        |   x    |        |        |
lane 6  |    1   |   x    |        |   x    |        |        |        |   x    |
lane 7  |    3   |        |        |        |   x    |        |   x    |        |

=== MEMORY HIERARCHY ============================================================

L1 I$:
   64 KB, 8-way set-associative, 64 B block size
   hit latency = 1 cycles (superseded by fetch unit's pipeline depth)
   MHSRs = 32
L1 D$:
   64 KB, 4-way set-associative, 64 B block size
   hit latency = 1 cycles (superseded by load/store lane's pipeline depth)
   MHSRs = 128
L2$:
   1 MB, 8-way set-associative, 64 B block size
   hit latency = 10 cycles 
   MHSRs = 128
L3$:
   8 MB, 16-way set-associative, 128 B block size
   hit latency = 30 cycles 
   MHSRs = 128
   miss latency = 100 cycles

=== BRANCH PREDICTOR ============================================================

BQ_SIZE = 320 (auto-sized)
BTB_ENTRIES = 8192
BTB_ASSOC = 4
RAS_SIZE = 64
RAS_RECOVER_MODEL = RAS_RECOVER_TOS_POINTER_AND_CONTENT
COND_BRANCH_PRED_PER_CYCLE = 3
CBP_ALGORITHM = gshare
CBP_PC_LENGTH = 20
CBP_BHR_LENGTH = 16
IBP_PC_LENGTH = 20
IBP_BHR_LENGTH = 16
ENABLE_TRACE_CACHE = 0

=== INTERNAL SIMULATOR STRUCTURES ===============================================

PAYLOAD_BUFFER_SIZE = 1024

=== END CONFIGURATION ===========================================================

[stats]
commit_count : 1000
cycle_count : 458
exception_count : 0
ld_vio_count : 0
split_count : 0
[rates]
ipc_rate : 2.18
BRANCH PREDICTION MEASUREMENTS---------------------
Type                      n          m     mr  mpki
All                     375          0  0.00%  0.00
Branch                  186          0  0.00%  0.00
Jump Direct             185          0  0.00%  0.00
Call Direct               3          0  0.00%  0.00
Jump Indirect             0          0  -nan%  0.00
Call Indirect             0          0  -nan%  0.00
Return                    1          0  0.00%  0.00
(Number of Jump Indirects whose target was the next sequential PC = 0)
(Average number of instructions between taken branches = 2.67)
BTB MEASUREMENTS-----------------------------------
BTB misses (fetch cycles squashed due to a BTB miss) = 9 (1.97% of all cycles)
LSU MEASUREMENTS-----------------------------------
LOADS (retired)
  loads            = 5
  disambig. stall  = 4 (80.00%)
     disambig. stall: addr. unknown = 4 (80.00%)
        true dep. stall             = 0 (0.00%)
        false dep. stall            = 4 (80.00%)
     disambig. stall: value or size = 0 (0.00%)
  load violations  = 0 (0.00%)
  forward          = 1 (20.00%)
  miss stall       = 0 (0.00%)
STORES (retired)
  stores           = 395
  miss stall       = 0 (0.00%)
MDP quick stats
  average # extra cycles load waits in IQ for inum wakeup = 0.00 cycles
  # loads falsely stalled at LQ = 4
  # load violations = 0
