
=== PERFECT FLAGS ===============================================================

PERFECT_BRANCH_PRED = 0
PERFECT_DCACHE      = 0
PERFECT_ICACHE      = 0
PERFECT_TRACE_CACHE = 0
ORACLE_DISAMBIG     = 0

=== STRUCTURES AND POLICIES =====================================================

FETCH QUEUE = 64
RENAMER:
   ACTIVE LIST = 256
   PHYSICAL REGISTER FILE = 320 (auto-sized w.r.t. Active List)
   BRANCH CHECKPOINTS = 32
SCHEDULER:
   ISSUE QUEUE = 64
   PARTITIONS = 4
   PRESTEER = 0
   IDEAL AGE-BASED = 0
LOAD/STORE UNIT:
   LOAD QUEUE = 128
   STORE QUEUE = 128
   Loads synchronize (stall/unstall) at: IQ
   MEMORY DEPENDENCE PREDICTOR: Store Sets
   SPLIT STORES = 0

=== PIPELINE STAGE WIDTHS =======================================================

FETCH WIDTH = 4
DISPATCH WIDTH = 4
ISSUE WIDTH = 8
RETIRE WIDTH = 4

=== EXECUTION LANES =============================================================

        |latency |   BR   |   LS   |  ALU_S |  ALU_C | LS_FP  | ALU_FP |  MTF   |
        +--------+--------+--------+--------+--------+--------+--------+--------+
lane 0  |    3   |        |   x    |        |        |   x    |        |        |
lane 1  |    1   |   x    |        |   x    |        |        |        |   x    |
lane 2  |    3   |        |        |        |   x    |        |   x    |        |
lane 3  |    1   |   x    |        |   x    |        |        |        |   x    |
lane 4  |    1   |   x    |        |   x    |        |        |        |   x    |
lane 5  |    3   |        |   x    |        |        |   x    |        |        |
lane 6  |    1   |   x    |        |   x    |        |        |        |   x    |
lane 7  |    3   |        |        |        |   x    |        |   x    |        |

=== MEMORY HIERARCHY ============================================================

L1 I$:
   64 KB, 8-way set-associative, 64 B block size
   hit latency = 1 cycles (superseded by fetch unit's pipeline depth)
   MHSRs = 32
L1 D$:
   64 KB, 4-way set-associative, 64 B block size
   hit latency = 1 cycles (superseded by load/store lane's pipeline depth)
   MHSRs = 128
L2$:
   1 MB, 8-way set-associative, 64 B block size
   hit latency = 10 cycles 
   MHSRs = 128
L3$:
   8 MB, 16-way set-associative, 128 B block size
   hit latency = 30 cycles 
   MHSRs = 128
   miss latency = 100 cycles

=== BRANCH PREDICTOR ============================================================

BQ_SIZE = 336 (auto-sized)
BTB_ENTRIES = 8192
BTB_ASSOC = 4
RAS_SIZE = 64
RAS_RECOVER_MODEL = RAS_RECOVER_TOS_POINTER_AND_CONTENT
COND_BRANCH_PRED_PER_CYCLE = 3
CBP_ALGORITHM = gshare
CBP_PC_LENGTH = 20
CBP_BHR_LENGTH = 16
IBP_PC_LENGTH = 20
IBP_BHR_LENGTH = 16
ENABLE_TRACE_CACHE = 0

=== INTERNAL SIMULATOR STRUCTURES ===============================================

PAYLOAD_BUFFER_SIZE = 1024

=== END CONFIGURATION ===========================================================

[stats]
commit_count : 10000001
cycle_count : 4914892
exception_count : 750
ld_vio_count : 119
split_count : 0
[rates]
ipc_rate : 2.03
BRANCH PREDICTION MEASUREMENTS---------------------
Type                      n          m     mr  mpki
All                 2578602      32954  1.28%  3.30
Branch              1556979      29381  1.89%  2.94
Jump Direct          827469          0  0.00%  0.00
Call Direct           96643          0  0.00%  0.00
Jump Indirect            39          1  2.56%  0.00
Call Indirect           789         11  1.39%  0.00
Return                96683       3561  3.68%  0.36
(Number of Jump Indirects whose target was the next sequential PC = 0)
(Average number of instructions between taken branches = 4.71)
BTB MEASUREMENTS-----------------------------------
BTB misses (fetch cycles squashed due to a BTB miss) = 431 (0.01% of all cycles)
LSU MEASUREMENTS-----------------------------------
LOADS (retired)
  loads            = 1735747
  disambig. stall  = 1376 (0.08%)
     disambig. stall: addr. unknown = 0 (0.00%)
        true dep. stall             = 0 (0.00%)
        false dep. stall            = 0 (0.00%)
     disambig. stall: value or size = 1376 (0.08%)
  load violations  = 119 (0.01%)
  forward          = 335757 (19.34%)
  miss stall       = 17559 (1.01%)
STORES (retired)
  stores           = 1703705
  miss stall       = 0 (0.00%)
MDP quick stats
  average # extra cycles load waits in IQ for inum wakeup = 0.04 cycles
  # loads falsely stalled at LQ = 0
  # load violations = 119
